[H[2J[3Jrunning locally true
iteration set 1
env_set ['001']
env 001
training_iteration 100


OUT ::: 
b'/home/ec2-user/PowerGridworld/data/outputs/PPO/PPO_001_a25c0_00000_0_framework=torch_2023-04-16_01-11-36/checkpoint_000100/'


ERROR ::: 
b'/home/ec2-user/PowerGridworld/examples/marl/rllib/heterogeneous/train_hs.py:16: DeprecationWarning: The module `ray.tune.suggest` has been moved to `ray.tune.search` and the old location will be deprecated soon. Please adjust your imports to point to the new location. Example: Do a global search and replace `ray.tune.suggest` with `ray.tune.search`.'
b'  from ray.tune.suggest.hyperopt import HyperOptSearch'
b'/home/ec2-user/PowerGridworld/examples/marl/rllib/heterogeneous/train_hs.py:16: DeprecationWarning: The module `ray.tune.suggest.hyperopt` has been moved to `ray.tune.search.hyperopt` and the old location will be deprecated soon. Please adjust your imports to point to the new location. Example: Do a global search and replace `ray.tune.suggest.hyperopt` with `ray.tune.search.hyperopt`.'
b'  from ray.tune.suggest.hyperopt import HyperOptSearch'
b"[INFO] train_hs.py:53: ARGS: {'env_name': 'buildings', 'system_load_rescale_factor': 0.6, 'max_episode_steps': 288, 'local_dir': '/home/ec2-user/PowerGridworld/data/outputs', 'stop_timesteps': 10000000000, 'stop_iters': 100, 'stop_reward': 0.0, 'run': 'PPO', 'framework': 'torch', 'num_gpus': 1, 'num_cpus': 16, 'num_samples': 1, 'log_level': 'WARN', 'node_ip_address': '127.0.0.1', 'input_dir': '/home/ec2-user/PowerGridworld/data/inputs', 'last_checkpoint': 'None', 'training_iteration': '100', 'scenario_id': '001', 'standalone_train': True}"
b'[INFO] train_hs.py:78: ENV CONFIG'
b'\x1b[2m\x1b[36m(PPO pid=25839)\x1b[0m 2023-04-16 01:11:40,506\tWARNING algorithm_config.py:596 -- Cannot create PPOConfig from given `config_dict`! Property __stdout_file__ not supported.'
b"\x1b[2m\x1b[36m(PPO pid=25839)\x1b[0m 2023-04-16 01:11:40,509\tINFO algorithm.py:506 -- Current log_level is WARN. For more information, set 'log_level': 'INFO' / 'DEBUG' or use the -v and -vv flags."
b'\x1b[2m\x1b[36m(RolloutWorker pid=26293)\x1b[0m /opt/conda/envs/gridworld_hs/lib/python3.10/site-packages/gymnasium/utils/passive_env_checker.py:233: DeprecationWarning: `np.bool8` is a deprecated alias for `np.bool_`.  (Deprecated NumPy 1.24)'
b'\x1b[2m\x1b[36m(RolloutWorker pid=26293)\x1b[0m   if not isinstance(terminated, (bool, np.bool8)):'
b'\x1b[2m\x1b[36m(RolloutWorker pid=26283)\x1b[0m /opt/conda/envs/gridworld_hs/lib/python3.10/site-packages/gymnasium/utils/passive_env_checker.py:233: DeprecationWarning: `np.bool8` is a deprecated alias for `np.bool_`.  (Deprecated NumPy 1.24)'
b'\x1b[2m\x1b[36m(RolloutWorker pid=26283)\x1b[0m   if not isinstance(terminated, (bool, np.bool8)):'
b'\x1b[2m\x1b[36m(RolloutWorker pid=26286)\x1b[0m /opt/conda/envs/gridworld_hs/lib/python3.10/site-packages/gymnasium/utils/passive_env_checker.py:233: DeprecationWarning: `np.bool8` is a deprecated alias for `np.bool_`.  (Deprecated NumPy 1.24)'
b'\x1b[2m\x1b[36m(RolloutWorker pid=26286)\x1b[0m   if not isinstance(terminated, (bool, np.bool8)):'
b'\x1b[2m\x1b[36m(RolloutWorker pid=26295)\x1b[0m /opt/conda/envs/gridworld_hs/lib/python3.10/site-packages/gymnasium/utils/passive_env_checker.py:233: DeprecationWarning: `np.bool8` is a deprecated alias for `np.bool_`.  (Deprecated NumPy 1.24)'
b'\x1b[2m\x1b[36m(RolloutWorker pid=26295)\x1b[0m   if not isinstance(terminated, (bool, np.bool8)):'
b'\x1b[2m\x1b[36m(RolloutWorker pid=26291)\x1b[0m /opt/conda/envs/gridworld_hs/lib/python3.10/site-packages/gymnasium/utils/passive_env_checker.py:233: DeprecationWarning: `np.bool8` is a deprecated alias for `np.bool_`.  (Deprecated NumPy 1.24)'
b'\x1b[2m\x1b[36m(RolloutWorker pid=26291)\x1b[0m   if not isinstance(terminated, (bool, np.bool8)):'
b'\x1b[2m\x1b[36m(RolloutWorker pid=26292)\x1b[0m /opt/conda/envs/gridworld_hs/lib/python3.10/site-packages/gymnasium/utils/passive_env_checker.py:233: DeprecationWarning: `np.bool8` is a deprecated alias for `np.bool_`.  (Deprecated NumPy 1.24)'
b'\x1b[2m\x1b[36m(RolloutWorker pid=26292)\x1b[0m   if not isinstance(terminated, (bool, np.bool8)):'
b'\x1b[2m\x1b[36m(RolloutWorker pid=26281)\x1b[0m /opt/conda/envs/gridworld_hs/lib/python3.10/site-packages/gymnasium/utils/passive_env_checker.py:233: DeprecationWarning: `np.bool8` is a deprecated alias for `np.bool_`.  (Deprecated NumPy 1.24)'
b'\x1b[2m\x1b[36m(RolloutWorker pid=26281)\x1b[0m   if not isinstance(terminated, (bool, np.bool8)):'
b'\x1b[2m\x1b[36m(RolloutWorker pid=26282)\x1b[0m /opt/conda/envs/gridworld_hs/lib/python3.10/site-packages/gymnasium/utils/passive_env_checker.py:233: DeprecationWarning: `np.bool8` is a deprecated alias for `np.bool_`.  (Deprecated NumPy 1.24)'
b'\x1b[2m\x1b[36m(RolloutWorker pid=26282)\x1b[0m   if not isinstance(terminated, (bool, np.bool8)):'
b'\x1b[2m\x1b[36m(RolloutWorker pid=26284)\x1b[0m /opt/conda/envs/gridworld_hs/lib/python3.10/site-packages/gymnasium/utils/passive_env_checker.py:233: DeprecationWarning: `np.bool8` is a deprecated alias for `np.bool_`.  (Deprecated NumPy 1.24)'
b'\x1b[2m\x1b[36m(RolloutWorker pid=26284)\x1b[0m   if not isinstance(terminated, (bool, np.bool8)):'
b'\x1b[2m\x1b[36m(RolloutWorker pid=26290)\x1b[0m /opt/conda/envs/gridworld_hs/lib/python3.10/site-packages/gymnasium/utils/passive_env_checker.py:233: DeprecationWarning: `np.bool8` is a deprecated alias for `np.bool_`.  (Deprecated NumPy 1.24)'
b'\x1b[2m\x1b[36m(RolloutWorker pid=26290)\x1b[0m   if not isinstance(terminated, (bool, np.bool8)):'
b'\x1b[2m\x1b[36m(RolloutWorker pid=26288)\x1b[0m /opt/conda/envs/gridworld_hs/lib/python3.10/site-packages/gymnasium/utils/passive_env_checker.py:233: DeprecationWarning: `np.bool8` is a deprecated alias for `np.bool_`.  (Deprecated NumPy 1.24)'
b'\x1b[2m\x1b[36m(RolloutWorker pid=26288)\x1b[0m   if not isinstance(terminated, (bool, np.bool8)):'
b"\x1b[2m\x1b[36m(RolloutWorker pid=26280)\x1b[0m 2023-04-16 01:11:45,889\tWARNING env.py:166 -- Your env reset() method appears to take 'seed' or 'return_info' arguments. Note that these are not yet supported in RLlib. Seeding will take place using 'env.seed()' and the info dict will not be returned from reset."
b'\x1b[2m\x1b[36m(RolloutWorker pid=26280)\x1b[0m /opt/conda/envs/gridworld_hs/lib/python3.10/site-packages/gymnasium/utils/passive_env_checker.py:233: DeprecationWarning: `np.bool8` is a deprecated alias for `np.bool_`.  (Deprecated NumPy 1.24)'
b'\x1b[2m\x1b[36m(RolloutWorker pid=26280)\x1b[0m   if not isinstance(terminated, (bool, np.bool8)):'
b'\x1b[2m\x1b[36m(RolloutWorker pid=26287)\x1b[0m /opt/conda/envs/gridworld_hs/lib/python3.10/site-packages/gymnasium/utils/passive_env_checker.py:233: DeprecationWarning: `np.bool8` is a deprecated alias for `np.bool_`.  (Deprecated NumPy 1.24)'
b'\x1b[2m\x1b[36m(RolloutWorker pid=26287)\x1b[0m   if not isinstance(terminated, (bool, np.bool8)):'
b'\x1b[2m\x1b[36m(RolloutWorker pid=26285)\x1b[0m /opt/conda/envs/gridworld_hs/lib/python3.10/site-packages/gymnasium/utils/passive_env_checker.py:233: DeprecationWarning: `np.bool8` is a deprecated alias for `np.bool_`.  (Deprecated NumPy 1.24)'
b'\x1b[2m\x1b[36m(RolloutWorker pid=26285)\x1b[0m   if not isinstance(terminated, (bool, np.bool8)):'
b'\x1b[2m\x1b[36m(RolloutWorker pid=26289)\x1b[0m /opt/conda/envs/gridworld_hs/lib/python3.10/site-packages/gymnasium/utils/passive_env_checker.py:233: DeprecationWarning: `np.bool8` is a deprecated alias for `np.bool_`.  (Deprecated NumPy 1.24)'
b'\x1b[2m\x1b[36m(RolloutWorker pid=26289)\x1b[0m   if not isinstance(terminated, (bool, np.bool8)):'
b'\x1b[2m\x1b[36m(RolloutWorker pid=26294)\x1b[0m /opt/conda/envs/gridworld_hs/lib/python3.10/site-packages/gymnasium/utils/passive_env_checker.py:233: DeprecationWarning: `np.bool8` is a deprecated alias for `np.bool_`.  (Deprecated NumPy 1.24)'
b'\x1b[2m\x1b[36m(RolloutWorker pid=26294)\x1b[0m   if not isinstance(terminated, (bool, np.bool8)):'
Finished 001 process in 2596.5254871845245 seconds.
$$$$$$$$$$$$$$$$$$$$$$ None
prior_run_dir /home/ec2-user/PowerGridworld/data/outputs/PPO/PPO_001_a25c0_00000_0_framework=torch_2023-04-16_01-11-36
output_dir /home/ec2-user/PowerGridworld/data/outputs/PPO
last_checkpoint None
