[H[2J[3Jrunning locally true
iteration set 1
env_set ['001']
env 001
training_iteration 100


OUT ::: 
b'/home/ec2-user/PowerGridworld/data/outputs/ray_results/PPO/PPO_001_8a0ed_00000_0_framework=torch_2023-04-10_18-57-28/checkpoint_000100/'


ERROR ::: 
b"[INFO] train_hs.py:39: ARGS: {'env_name': 'buildings', 'system_load_rescale_factor': 0.6, 'max_episode_steps': 288, 'local_dir': '/home/ec2-user/PowerGridworld/data/outputs/ray_results', 'stop_timesteps': 10000000000, 'stop_iters': 100, 'stop_reward': 0.0, 'run': 'PPO', 'framework': 'torch', 'num_gpus': 1, 'num_cpus': 8, 'num_samples': 1, 'log_level': 'WARN', 'node_ip_address': '127.0.0.1', 'input_dir': '/home/ec2-user/PowerGridworld/data/inputs', 'last_checkpoint': 'None', 'training_iteration': '100', 'scenario_id': '001', 'standalone_train': True}"
b'[INFO] train_hs.py:64: ENV CONFIG'
b'\x1b[2m\x1b[36m(PPO pid=20305)\x1b[0m 2023-04-10 18:57:32,298\tWARNING algorithm_config.py:596 -- Cannot create PPOConfig from given `config_dict`! Property __stdout_file__ not supported.'
b"\x1b[2m\x1b[36m(PPO pid=20305)\x1b[0m 2023-04-10 18:57:32,301\tINFO algorithm.py:506 -- Current log_level is WARN. For more information, set 'log_level': 'INFO' / 'DEBUG' or use the -v and -vv flags."
b"\x1b[2m\x1b[36m(RolloutWorker pid=20758)\x1b[0m 2023-04-10 18:57:36,763\tWARNING env.py:166 -- Your env reset() method appears to take 'seed' or 'return_info' arguments. Note that these are not yet supported in RLlib. Seeding will take place using 'env.seed()' and the info dict will not be returned from reset."
b'\x1b[2m\x1b[36m(RolloutWorker pid=20761)\x1b[0m /opt/conda/envs/gridworld_hs/lib/python3.10/site-packages/gymnasium/utils/passive_env_checker.py:233: DeprecationWarning: `np.bool8` is a deprecated alias for `np.bool_`.  (Deprecated NumPy 1.24)'
b'\x1b[2m\x1b[36m(RolloutWorker pid=20761)\x1b[0m   if not isinstance(terminated, (bool, np.bool8)):'
b'\x1b[2m\x1b[36m(RolloutWorker pid=20760)\x1b[0m /opt/conda/envs/gridworld_hs/lib/python3.10/site-packages/gymnasium/utils/passive_env_checker.py:233: DeprecationWarning: `np.bool8` is a deprecated alias for `np.bool_`.  (Deprecated NumPy 1.24)'
b'\x1b[2m\x1b[36m(RolloutWorker pid=20760)\x1b[0m   if not isinstance(terminated, (bool, np.bool8)):'
b'\x1b[2m\x1b[36m(RolloutWorker pid=20758)\x1b[0m /opt/conda/envs/gridworld_hs/lib/python3.10/site-packages/gymnasium/utils/passive_env_checker.py:233: DeprecationWarning: `np.bool8` is a deprecated alias for `np.bool_`.  (Deprecated NumPy 1.24)'
b'\x1b[2m\x1b[36m(RolloutWorker pid=20758)\x1b[0m   if not isinstance(terminated, (bool, np.bool8)):'
b'\x1b[2m\x1b[36m(RolloutWorker pid=20759)\x1b[0m /opt/conda/envs/gridworld_hs/lib/python3.10/site-packages/gymnasium/utils/passive_env_checker.py:233: DeprecationWarning: `np.bool8` is a deprecated alias for `np.bool_`.  (Deprecated NumPy 1.24)'
b'\x1b[2m\x1b[36m(RolloutWorker pid=20759)\x1b[0m   if not isinstance(terminated, (bool, np.bool8)):'
b'\x1b[2m\x1b[36m(RolloutWorker pid=20765)\x1b[0m /opt/conda/envs/gridworld_hs/lib/python3.10/site-packages/gymnasium/utils/passive_env_checker.py:233: DeprecationWarning: `np.bool8` is a deprecated alias for `np.bool_`.  (Deprecated NumPy 1.24)'
b'\x1b[2m\x1b[36m(RolloutWorker pid=20765)\x1b[0m   if not isinstance(terminated, (bool, np.bool8)):'
b'\x1b[2m\x1b[36m(RolloutWorker pid=20762)\x1b[0m /opt/conda/envs/gridworld_hs/lib/python3.10/site-packages/gymnasium/utils/passive_env_checker.py:233: DeprecationWarning: `np.bool8` is a deprecated alias for `np.bool_`.  (Deprecated NumPy 1.24)'
b'\x1b[2m\x1b[36m(RolloutWorker pid=20762)\x1b[0m   if not isinstance(terminated, (bool, np.bool8)):'
b'\x1b[2m\x1b[36m(RolloutWorker pid=20763)\x1b[0m /opt/conda/envs/gridworld_hs/lib/python3.10/site-packages/gymnasium/utils/passive_env_checker.py:233: DeprecationWarning: `np.bool8` is a deprecated alias for `np.bool_`.  (Deprecated NumPy 1.24)'
b'\x1b[2m\x1b[36m(RolloutWorker pid=20763)\x1b[0m   if not isinstance(terminated, (bool, np.bool8)):'
b'\x1b[2m\x1b[36m(RolloutWorker pid=20764)\x1b[0m /opt/conda/envs/gridworld_hs/lib/python3.10/site-packages/gymnasium/utils/passive_env_checker.py:233: DeprecationWarning: `np.bool8` is a deprecated alias for `np.bool_`.  (Deprecated NumPy 1.24)'
b'\x1b[2m\x1b[36m(RolloutWorker pid=20764)\x1b[0m   if not isinstance(terminated, (bool, np.bool8)):'
Finished 001 process in 2489.5869765281677 seconds.
$$$$$$$$$$$$$$$$$$$$$$ None
prior_run_dir /home/ec2-user/PowerGridworld/data/outputs/ray_results/PPO/PPO_001_8a0ed_00000_0_framework=torch_2023-04-10_18-57-28
output_dir /home/ec2-user/PowerGridworld/data/outputs/ray_results/PPO
[INFO] api.py:38: data push to store; status: 200
[INFO] api.py:40: data push to store; response: {'result': 'inserted'}
last_checkpoint None
